<?xml version="1.0" encoding="UTF-8"?>
<testsuite name="com.kkalletla.springmicroservicemongoDB.SpringMicroServiceMongoDbApplicationTests" tests="1" skipped="0" failures="0" errors="0" timestamp="2017-11-13T17:45:31" hostname="KKALLETLA-PC" time="0.054">
  <properties/>
  <testcase name="contextLoads" classname="com.kkalletla.springmicroservicemongoDB.SpringMicroServiceMongoDbApplicationTests" time="0.054"/>
  <system-out><![CDATA[11:45:24.840 [Test worker] DEBUG org.springframework.test.context.junit4.SpringJUnit4ClassRunner - SpringJUnit4ClassRunner constructor called with [class com.kkalletla.springmicroservicemongoDB.SpringMicroServiceMongoDbApplicationTests]
11:45:24.851 [Test worker] DEBUG org.springframework.test.context.BootstrapUtils - Instantiating CacheAwareContextLoaderDelegate from class [org.springframework.test.context.cache.DefaultCacheAwareContextLoaderDelegate]
11:45:24.868 [Test worker] DEBUG org.springframework.test.context.BootstrapUtils - Instantiating BootstrapContext using constructor [public org.springframework.test.context.support.DefaultBootstrapContext(java.lang.Class,org.springframework.test.context.CacheAwareContextLoaderDelegate)]
11:45:24.892 [Test worker] DEBUG org.springframework.test.context.BootstrapUtils - Instantiating TestContextBootstrapper for test class [com.kkalletla.springmicroservicemongoDB.SpringMicroServiceMongoDbApplicationTests] from class [org.springframework.boot.test.context.SpringBootTestContextBootstrapper]
11:45:24.933 [Test worker] INFO org.springframework.boot.test.context.SpringBootTestContextBootstrapper - Neither @ContextConfiguration nor @ContextHierarchy found for test class [com.kkalletla.springmicroservicemongoDB.SpringMicroServiceMongoDbApplicationTests], using SpringBootContextLoader
11:45:24.939 [Test worker] DEBUG org.springframework.test.context.support.AbstractContextLoader - Did not detect default resource location for test class [com.kkalletla.springmicroservicemongoDB.SpringMicroServiceMongoDbApplicationTests]: class path resource [com/kkalletla/springmicroservicemongoDB/SpringMicroServiceMongoDbApplicationTests-context.xml] does not exist
11:45:24.941 [Test worker] DEBUG org.springframework.test.context.support.AbstractContextLoader - Did not detect default resource location for test class [com.kkalletla.springmicroservicemongoDB.SpringMicroServiceMongoDbApplicationTests]: class path resource [com/kkalletla/springmicroservicemongoDB/SpringMicroServiceMongoDbApplicationTestsContext.groovy] does not exist
11:45:24.941 [Test worker] INFO org.springframework.test.context.support.AbstractContextLoader - Could not detect default resource locations for test class [com.kkalletla.springmicroservicemongoDB.SpringMicroServiceMongoDbApplicationTests]: no resource found for suffixes {-context.xml, Context.groovy}.
11:45:24.942 [Test worker] INFO org.springframework.test.context.support.AnnotationConfigContextLoaderUtils - Could not detect default configuration classes for test class [com.kkalletla.springmicroservicemongoDB.SpringMicroServiceMongoDbApplicationTests]: SpringMicroServiceMongoDbApplicationTests does not declare any static, non-private, non-final, nested classes annotated with @Configuration.
11:45:25.015 [Test worker] DEBUG org.springframework.test.context.support.ActiveProfilesUtils - Could not find an 'annotation declaring class' for annotation type [org.springframework.test.context.ActiveProfiles] and class [com.kkalletla.springmicroservicemongoDB.SpringMicroServiceMongoDbApplicationTests]
11:45:25.033 [Test worker] DEBUG org.springframework.core.env.StandardEnvironment - Adding PropertySource 'systemProperties' with lowest search precedence
11:45:25.034 [Test worker] DEBUG org.springframework.core.env.StandardEnvironment - Adding PropertySource 'systemEnvironment' with lowest search precedence
11:45:25.035 [Test worker] DEBUG org.springframework.core.env.StandardEnvironment - Initialized StandardEnvironment with PropertySources [MapPropertySource@836182670 {name='systemProperties', properties={java.runtime.name=Java(TM) SE Runtime Environment, sun.boot.library.path=C:\Program Files\Java\jdk1.8.0_144\jre\bin, java.vm.version=25.144-b01, java.vm.vendor=Oracle Corporation, java.vendor.url=http://java.oracle.com/, path.separator=;, java.vm.name=Java HotSpot(TM) 64-Bit Server VM, file.encoding.pkg=sun.io, user.script=, sun.java.launcher=SUN_STANDARD, user.country=US, sun.os.patch.level=, java.vm.specification.name=Java Virtual Machine Specification, user.dir=E:\Material\JavaTrainning\spring-micro-service-mongoDB, java.runtime.version=1.8.0_144-b01, java.awt.graphicsenv=sun.awt.Win32GraphicsEnvironment, java.endorsed.dirs=C:\Program Files\Java\jdk1.8.0_144\jre\lib\endorsed, os.arch=amd64, java.io.tmpdir=C:\Users\krant\AppData\Local\Temp\, line.separator=
, java.vm.specification.vendor=Oracle Corporation, user.variant=, os.name=Windows 10, sun.jnu.encoding=Cp1252, java.library.path=C:\Program Files\Java\jdk1.8.0_144\bin;C:\WINDOWS\Sun\Java\bin;C:\WINDOWS\system32;C:\WINDOWS;C:\Program Files\Docker\Docker\Resources\bin;D:\app\krant\product\11.2.0\client_1;D:\app\krant\product\11.2.0\dbhome_1\bin;C:\ProgramData\Oracle\Java\javapath;C:\WINDOWS\system32;C:\WINDOWS;C:\WINDOWS\System32\Wbem;C:\WINDOWS\System32\WindowsPowerShell\v1.0\;C:\Program Files\Java\jdk1.8.0_144\bin;C:\Program Files\MySQL\MySQL Utilities 1.6\;C:\Program Files\PuTTY\;C:\Program Files\Git\cmd;C:\Users\krant\Desktop\openssl-0.9.8s-x64_86-win64;E:\Software\apache-maven-3.5.0-bin\bin;C:\Program Files\Cloud Foundry;C:\Program Files\nodejs\;C:\Program Files\Amazon\AWSCLI\;E:\Software\FCIV;C:\Gradle\gradle-4.3\bin;C:\Program Files (x86)\sbt\bin;C:\Program Files (x86)\NVIDIA Corporation\PhysX\Common;C:\Users\krant\scoop\shims;C:\Users\krant\AppData\Local\Programs\Python\Python36-32\Scripts\;C:\Users\krant\AppData\Local\Programs\Python\Python36-32\;C:\Users\krant\AppData\Local\Microsoft\WindowsApps;C:\Users\krant\AppData\Local\GitHubDesktop\bin;C:\Users\krant\AppData\Roaming\npm;C:\Program Files (x86)\Nmap;E:\Software;;%USERPROFILE%\AppData\Local\Microsoft\WindowsApps;., java.specification.name=Java Platform API Specification, java.class.version=52.0, sun.management.compiler=HotSpot 64-Bit Tiered Compilers, os.version=10.0, user.home=C:\Users\krant, user.timezone=America/Chicago, java.awt.printerjob=sun.awt.windows.WPrinterJob, file.encoding=windows-1252, java.specification.version=1.8, java.class.path=E:\Material\JavaTrainning\spring-micro-service-mongoDB\build\classes\test;E:\Material\JavaTrainning\spring-micro-service-mongoDB\build\resources\test;E:\Material\JavaTrainning\spring-micro-service-mongoDB\build\classes\main;E:\Material\JavaTrainning\spring-micro-service-mongoDB\build\resources\main;C:\Users\krant\.gradle\caches\modules-2\files-2.1\org.springframework.boot\spring-boot-starter-data-mongodb\1.5.8.RELEASE\d6a3761c971691e9a70d8bc33c0158dcf8f06fcf\spring-boot-starter-data-mongodb-1.5.8.RELEASE.jar;C:\Users\krant\.gradle\caches\modules-2\files-2.1\org.springframework.boot\spring-boot-starter-jersey\1.5.8.RELEASE\a02325b0750bff113e6fe1919080e31ca8c486b0\spring-boot-starter-jersey-1.5.8.RELEASE.jar;C:\Users\krant\.gradle\caches\modules-2\files-2.1\org.springframework.boot\spring-boot-starter-web\1.5.8.RELEASE\7e0dc79e3b47be4539ad3c033639133ae6b7a17e\spring-boot-starter-web-1.5.8.RELEASE.jar;C:\Users\krant\.gradle\caches\modules-2\files-2.1\org.springframework.boot\spring-boot-starter-test\1.5.8.RELEASE\20b767f594924b32950286f1236ab7d68ff861f9\spring-boot-starter-test-1.5.8.RELEASE.jar;C:\Users\krant\.gradle\caches\modules-2\files-2.1\org.springframework.boot\spring-boot-starter\1.5.8.RELEASE\18048efe1f06569022a53cc3fb2fe9c0162935a3\spring-boot-starter-1.5.8.RELEASE.jar;C:\Users\krant\.gradle\caches\modules-2\files-2.1\org.mongodb\mongodb-driver\3.4.3\a1c708919fdca8da4a527cb4ea9df30f8db9993b\mongodb-driver-3.4.3.jar;C:\Users\krant\.gradle\caches\modules-2\files-2.1\org.springframework.data\spring-data-mongodb\1.10.8.RELEASE\83142e2629ef0db3abc0b13296c6c7f5d2fa9a59\spring-data-mongodb-1.10.8.RELEASE.jar;C:\Users\krant\.gradle\caches\modules-2\files-2.1\org.springframework.boot\spring-boot-starter-tomcat\1.5.8.RELEASE\cf3b7eb7e192a60ab1dd09e4f8bce82710a5feb0\spring-boot-starter-tomcat-1.5.8.RELEASE.jar;C:\Users\krant\.gradle\caches\modules-2\files-2.1\org.springframework.boot\spring-boot-starter-validation\1.5.8.RELEASE\69aade16cb32a9438375bbdea975a4bc9cfd5048\spring-boot-starter-validation-1.5.8.RELEASE.jar;C:\Users\krant\.gradle\caches\modules-2\files-2.1\com.fasterxml.jackson.core\jackson-databind\2.8.10\f7b83cb2bc4b88d53961e749e1ad32f49ef017b7\jackson-databind-2.8.10.jar;C:\Users\krant\.gradle\caches\modules-2\files-2.1\org.springframework\spring-web\4.3.12.RELEASE\86c29588cca74d0fc848b194cb13fcdfd12bc990\spring-web-4.3.12.RELEASE.jar;C:\Users\krant\.gradle\caches\modules-2\files-2.1\org.glassfish.jersey.core\jersey-server\2.25.1\276e2ee0fd1cdabf99357fce560c5baab675b1a2\jersey-server-2.25.1.jar;C:\Users\krant\.gradle\caches\modules-2\files-2.1\org.glassfish.jersey.containers\jersey-container-servlet-core\2.25.1\400e30bb035a0cdf3c554530224141ce659a0d1e\jersey-container-servlet-core-2.25.1.jar;C:\Users\krant\.gradle\caches\modules-2\files-2.1\org.glassfish.jersey.containers\jersey-container-servlet\2.25.1\cf5f7a76fcea38158b890ab7a0142d4db709a882\jersey-container-servlet-2.25.1.jar;C:\Users\krant\.gradle\caches\modules-2\files-2.1\org.glassfish.jersey.ext\jersey-bean-validation\2.25.1\1971927d79cad0ad2b5a3bfda24967748a2023d\jersey-bean-validation-2.25.1.jar;C:\Users\krant\.gradle\caches\modules-2\files-2.1\org.glassfish.jersey.ext\jersey-spring3\2.25.1\a31bfcd2fcae5beb979d3f41079b6f4020d6fbc9\jersey-spring3-2.25.1.jar;C:\Users\krant\.gradle\caches\modules-2\files-2.1\org.glassfish.jersey.media\jersey-media-json-jackson\2.25.1\19d1e4276eb7b6386640c344d9e5c01eba7eae5d\jersey-media-json-jackson-2.25.1.jar;C:\Users\krant\.gradle\caches\modules-2\files-2.1\org.hibernate\hibernate-validator\5.3.5.Final\622a9bcef2eed6d41b5b8e0662c36212009e375\hibernate-validator-5.3.5.Final.jar;C:\Users\krant\.gradle\caches\modules-2\files-2.1\org.springframework\spring-webmvc\4.3.12.RELEASE\986e5dcd4435e780f6be64f8185eaa51523cf851\spring-webmvc-4.3.12.RELEASE.jar;C:\Users\krant\.gradle\caches\modules-2\files-2.1\org.springframework.boot\spring-boot-test\1.5.8.RELEASE\17dedee86d1a9e9bd409d715fd90650ca1049659\spring-boot-test-1.5.8.RELEASE.jar;C:\Users\krant\.gradle\caches\modules-2\files-2.1\org.springframework.boot\spring-boot-test-autoconfigure\1.5.8.RELEASE\a8f986cc4b6ecef1417fe50c20984f12f54d15cc\spring-boot-test-autoconfigure-1.5.8.RELEASE.jar;C:\Users\krant\.gradle\caches\modules-2\files-2.1\com.jayway.jsonpath\json-path\2.2.0\22290d17944bd239fabf5ac69005a60a7ecbbbcb\json-path-2.2.0.jar;C:\Users\krant\.gradle\caches\modules-2\files-2.1\junit\junit\4.12\2973d150c0dc1fefe998f834810d68f278ea58ec\junit-4.12.jar;C:\Users\krant\.gradle\caches\modules-2\files-2.1\org.assertj\assertj-core\2.6.0\b532c3fc4f66bcfee4989a3514f1cd56203a33ad\assertj-core-2.6.0.jar;C:\Users\krant\.gradle\caches\modules-2\files-2.1\org.mockito\mockito-core\1.10.19\e8546f5bef4e061d8dd73895b4e8f40e3fe6effe\mockito-core-1.10.19.jar;C:\Users\krant\.gradle\caches\modules-2\files-2.1\org.hamcrest\hamcrest-core\1.3\42a25dc3219429f0e5d060061f71acb49bf010a0\hamcrest-core-1.3.jar;C:\Users\krant\.gradle\caches\modules-2\files-2.1\org.hamcrest\hamcrest-library\1.3\4785a3c21320980282f9f33d0d1264a69040538f\hamcrest-library-1.3.jar;C:\Users\krant\.gradle\caches\modules-2\files-2.1\org.skyscreamer\jsonassert\1.4.0\9cdbb373a06f6513e51e8c545ee6a5e981463edb\jsonassert-1.4.0.jar;C:\Users\krant\.gradle\caches\modules-2\files-2.1\org.springframework\spring-core\4.3.12.RELEASE\4cebc69478c6d350dbd5af28e3db7d5694f416e3\spring-core-4.3.12.RELEASE.jar;C:\Users\krant\.gradle\caches\modules-2\files-2.1\org.springframework\spring-test\4.3.12.RELEASE\825a7ac1014528db722a6cc94cceaef2410cb314\spring-test-4.3.12.RELEASE.jar;C:\Users\krant\.gradle\caches\modules-2\files-2.1\org.springframework.boot\spring-boot\1.5.8.RELEASE\748ebde51761e12627ad23d064024f342b18f9b4\spring-boot-1.5.8.RELEASE.jar;C:\Users\krant\.gradle\caches\modules-2\files-2.1\org.springframework.boot\spring-boot-autoconfigure\1.5.8.RELEASE\e4f2efa4c319f4e3613d94fbccfdb5ccda6873e3\spring-boot-autoconfigure-1.5.8.RELEASE.jar;C:\Users\krant\.gradle\caches\modules-2\files-2.1\org.springframework.boot\spring-boot-starter-logging\1.5.8.RELEASE\ebc00a0e46753d90431fdcc5e3d6b9fd3bf1564a\spring-boot-starter-logging-1.5.8.RELEASE.jar;C:\Users\krant\.gradle\caches\modules-2\files-2.1\org.yaml\snakeyaml\1.17\7a27ea250c5130b2922b86dea63cbb1cc10a660c\snakeyaml-1.17.jar;C:\Users\krant\.gradle\caches\modules-2\files-2.1\org.mongodb\mongodb-driver-core\3.4.3\c588da4e7b4ac9330e58d4d5b414508ccb14367b\mongodb-driver-core-3.4.3.jar;C:\Users\krant\.gradle\caches\modules-2\files-2.1\org.mongodb\bson\3.4.3\83a9328ce8ffbdf29f4b46b531012427983ad3ec\bson-3.4.3.jar;C:\Users\krant\.gradle\caches\modules-2\files-2.1\org.springframework\spring-tx\4.3.12.RELEASE\7147b6839b2bf9db3621b79c73b4dddbe69572b6\spring-tx-4.3.12.RELEASE.jar;C:\Users\krant\.gradle\caches\modules-2\files-2.1\org.springframework\spring-context\4.3.12.RELEASE\5e6d26f36636f36b7efec1d6a0c5991284fbd95b\spring-context-4.3.12.RELEASE.jar;C:\Users\krant\.gradle\caches\modules-2\files-2.1\org.springframework\spring-beans\4.3.12.RELEASE\547dd432d47d0f01d9ccbedc4b705f9f7c1240a\spring-beans-4.3.12.RELEASE.jar;C:\Users\krant\.gradle\caches\modules-2\files-2.1\org.springframework\spring-expression\4.3.12.RELEASE\790f69f6ad7f9da8d4a92c603ad7244c398c8309\spring-expression-4.3.12.RELEASE.jar;C:\Users\krant\.gradle\caches\modules-2\files-2.1\org.springframework.data\spring-data-commons\1.13.8.RELEASE\2853e3c38e02d42529f6c8b247d7bace40c25642\spring-data-commons-1.13.8.RELEASE.jar;C:\Users\krant\.gradle\caches\modules-2\files-2.1\org.slf4j\slf4j-api\1.7.25\da76ca59f6a57ee3102f8f9bd9cee742973efa8a\slf4j-api-1.7.25.jar;C:\Users\krant\.gradle\caches\modules-2\files-2.1\org.slf4j\jcl-over-slf4j\1.7.25\f8c32b13ff142a513eeb5b6330b1588dcb2c0461\jcl-over-slf4j-1.7.25.jar;C:\Users\krant\.gradle\caches\modules-2\files-2.1\org.apache.tomcat.embed\tomcat-embed-core\8.5.23\79261793a47f507890ee08f749b9d81774e4f7f0\tomcat-embed-core-8.5.23.jar;C:\Users\krant\.gradle\caches\modules-2\files-2.1\org.apache.tomcat.embed\tomcat-embed-el\8.5.23\98d979cde444dffa6d434c8377d0123b2dfa614c\tomcat-embed-el-8.5.23.jar;C:\Users\krant\.gradle\caches\modules-2\files-2.1\org.apache.tomcat.embed\tomcat-embed-websocket\8.5.23\52f07abcae10dc7e1764304b0877def175c2c833\tomcat-embed-websocket-8.5.23.jar;C:\Users\krant\.gradle\caches\modules-2\files-2.1\com.fasterxml.jackson.core\jackson-annotations\2.8.0\45b426f7796b741035581a176744d91090e2e6fb\jackson-annotations-2.8.0.jar;C:\Users\krant\.gradle\caches\modules-2\files-2.1\com.fasterxml.jackson.core\jackson-core\2.8.10\eb21a035c66ad307e66ec8fce37f5d50fd62d039\jackson-core-2.8.10.jar;C:\Users\krant\.gradle\caches\modules-2\files-2.1\org.springframework\spring-aop\4.3.12.RELEASE\b3fef085902993c2ef874c45c7bfd79296d5a5a4\spring-aop-4.3.12.RELEASE.jar;C:\Users\krant\.gradle\caches\modules-2\files-2.1\org.glassfish.jersey.core\jersey-common\2.25.1\2438ce68d4907046095ab54aa83a6092951b4bbb\jersey-common-2.25.1.jar;C:\Users\krant\.gradle\caches\modules-2\files-2.1\org.glassfish.jersey.core\jersey-client\2.25.1\4d563b1f93352ee9fad597e9e1daf2c6159993c6\jersey-client-2.25.1.jar;C:\Users\krant\.gradle\caches\modules-2\files-2.1\javax.ws.rs\javax.ws.rs-api\2.0.1\104e9c2b5583cfcfeac0402316221648d6d8ea6b\javax.ws.rs-api-2.0.1.jar;C:\Users\krant\.gradle\caches\modules-2\files-2.1\org.glassfish.jersey.media\jersey-media-jaxb\2.25.1\d7da0beeed5614a3bfd882662faec602699e24b\jersey-media-jaxb-2.25.1.jar;C:\Users\krant\.gradle\caches\modules-2\files-2.1\javax.annotation\javax.annotation-api\1.2\479c1e06db31c432330183f5cae684163f186146\javax.annotation-api-1.2.jar;C:\Users\krant\.gradle\caches\modules-2\files-2.1\org.glassfish.hk2\hk2-api\2.5.0-b32\6a576c9653832ce610b80a2f389374ef19d96171\hk2-api-2.5.0-b32.jar;C:\Users\krant\.gradle\caches\modules-2\files-2.1\org.glassfish.hk2.external\javax.inject\2.5.0-b32\b2fa50c8186a38728c35fe6a9da57ce4cc806923\javax.inject-2.5.0-b32.jar;C:\Users\krant\.gradle\caches\modules-2\files-2.1\org.glassfish.hk2\hk2-locator\2.5.0-b32\195474f8ad0a8d130e9ea949a771bcf1215fc33b\hk2-locator-2.5.0-b32.jar;C:\Users\krant\.gradle\caches\modules-2\files-2.1\javax.validation\validation-api\1.1.0.Final\8613ae82954779d518631e05daa73a6a954817d5\validation-api-1.1.0.Final.jar;C:\Users\krant\.gradle\caches\modules-2\files-2.1\org.glassfish.hk2\hk2\2.5.0-b32\c3accae585955e49c771d464899e906ecc9ffb4\hk2-2.5.0-b32.jar;C:\Users\krant\.gradle\caches\modules-2\files-2.1\org.glassfish.hk2\spring-bridge\2.5.0-b32\f38ecef23edc769942a95c062efd63541044de42\spring-bridge-2.5.0-b32.jar;C:\Users\krant\.gradle\caches\modules-2\files-2.1\org.glassfish.jersey.ext\jersey-entity-filtering\2.25.1\4a5805060f796ec2c9bb1ba0ce91c1db6d889524\jersey-entity-filtering-2.25.1.jar;C:\Users\krant\.gradle\caches\modules-2\files-2.1\com.fasterxml.jackson.jaxrs\jackson-jaxrs-base\2.8.10\50a3d02a31cb427272a96fe696b5ac9442c7cfa1\jackson-jaxrs-base-2.8.10.jar;C:\Users\krant\.gradle\caches\modules-2\files-2.1\com.fasterxml.jackson.jaxrs\jackson-jaxrs-json-provider\2.8.10\f8837cf03871569eb02a491dea64929e5da14b4\jackson-jaxrs-json-provider-2.8.10.jar;C:\Users\krant\.gradle\caches\modules-2\files-2.1\org.jboss.logging\jboss-logging\3.3.1.Final\c46217ab74b532568c0ed31dc599db3048bd1b67\jboss-logging-3.3.1.Final.jar;C:\Users\krant\.gradle\caches\modules-2\files-2.1\com.fasterxml\classmate\1.3.4\3d5f48f10bbe4eb7bd862f10c0583be2e0053c6\classmate-1.3.4.jar;C:\Users\krant\.gradle\caches\modules-2\files-2.1\net.minidev\json-smart\2.2.1\5b9e5df7a62d1279b70dc882b041d249c4f0b002\json-smart-2.2.1.jar;C:\Users\krant\.gradle\caches\modules-2\files-2.1\org.objenesis\objenesis\2.1\87c0ea803b69252868d09308b4618f766f135a96\objenesis-2.1.jar;C:\Users\krant\.gradle\caches\modules-2\files-2.1\com.vaadin.external.google\android-json\0.0.20131108.vaadin1\fa26d351fe62a6a17f5cda1287c1c6110dec413f\android-json-0.0.20131108.vaadin1.jar;C:\Users\krant\.gradle\caches\modules-2\files-2.1\ch.qos.logback\logback-classic\1.1.11\ccedfbacef4a6515d2983e3f89ed753d5d4fb665\logback-classic-1.1.11.jar;C:\Users\krant\.gradle\caches\modules-2\files-2.1\org.slf4j\jul-to-slf4j\1.7.25\af5364cd6679bfffb114f0dec8a157aaa283b76\jul-to-slf4j-1.7.25.jar;C:\Users\krant\.gradle\caches\modules-2\files-2.1\org.slf4j\log4j-over-slf4j\1.7.25\a87bb47468f47ee7aabbd54f93e133d4215769c3\log4j-over-slf4j-1.7.25.jar;C:\Users\krant\.gradle\caches\modules-2\files-2.1\org.apache.tomcat\tomcat-annotations-api\8.5.23\aaf17df9fe0240e9e9d5375d24d5f177174b73d9\tomcat-annotations-api-8.5.23.jar;C:\Users\krant\.gradle\caches\modules-2\files-2.1\org.glassfish.jersey.bundles.repackaged\jersey-guava\2.25.1\a2bb4f8208e134cf2cf71dfb8824e42942f7bd06\jersey-guava-2.25.1.jar;C:\Users\krant\.gradle\caches\modules-2\files-2.1\org.glassfish.hk2\osgi-resource-locator\1.0.1\4ed2b2d4738aed5786cfa64cba5a332779c4c708\osgi-resource-locator-1.0.1.jar;C:\Users\krant\.gradle\caches\modules-2\files-2.1\org.glassfish.hk2\hk2-utils\2.5.0-b32\5108a926988c4ceda7f1e681dddfe3101454a002\hk2-utils-2.5.0-b32.jar;C:\Users\krant\.gradle\caches\modules-2\files-2.1\org.glassfish.hk2.external\aopalliance-repackaged\2.5.0-b32\6af37c3f8ec6f9e9653ec837eb508da28ce443cd\aopalliance-repackaged-2.5.0-b32.jar;C:\Users\krant\.gradle\caches\modules-2\files-2.1\org.javassist\javassist\3.21.0-GA\598244f595db5c5fb713731eddbb1c91a58d959b\javassist-3.21.0-GA.jar;C:\Users\krant\.gradle\caches\modules-2\files-2.1\org.glassfish.hk2\config-types\2.5.0-b32\686bbe7f80b1b879d64c06bc6606c97721a795f2\config-types-2.5.0-b32.jar;C:\Users\krant\.gradle\caches\modules-2\files-2.1\org.glassfish.hk2\hk2-core\2.5.0-b32\8cb6a8a9522ec523b7740d29f555bdbe9d936af2\hk2-core-2.5.0-b32.jar;C:\Users\krant\.gradle\caches\modules-2\files-2.1\org.glassfish.hk2\hk2-config\2.5.0-b32\dce05ac4225dbc0c1c382ad02e3b5bee51f0168a\hk2-config-2.5.0-b32.jar;C:\Users\krant\.gradle\caches\modules-2\files-2.1\org.glassfish.hk2\hk2-runlevel\2.5.0-b32\60dc979763ea885e796cba4d3e322af8d500ba74\hk2-runlevel-2.5.0-b32.jar;C:\Users\krant\.gradle\caches\modules-2\files-2.1\org.glassfish.hk2\class-model\2.5.0-b32\17f054f3e91898c0c0fc52163ad904b13c24e8b\class-model-2.5.0-b32.jar;C:\Users\krant\.gradle\caches\modules-2\files-2.1\com.fasterxml.jackson.module\jackson-module-jaxb-annotations\2.8.10\22df8efd0cff7661bf136148c73e2651748f7600\jackson-module-jaxb-annotations-2.8.10.jar;C:\Users\krant\.gradle\caches\modules-2\files-2.1\net.minidev\accessors-smart\1.1\a527213f2fea112a04c9bdf0ec0264e34104cd08\accessors-smart-1.1.jar;C:\Users\krant\.gradle\caches\modules-2\files-2.1\ch.qos.logback\logback-core\1.1.11\88b8df40340eed549fb07e2613879bf6b006704d\logback-core-1.1.11.jar;C:\Users\krant\.gradle\caches\modules-2\files-2.1\org.glassfish.hk2.external\asm-all-repackaged\2.5.0-b32\dc705f1d54cd5a96cbc5a473525e75ef1cb59a9e\asm-all-repackaged-2.5.0-b32.jar;C:\Users\krant\.gradle\caches\modules-2\files-2.1\org.ow2.asm\asm\5.0.3\dcc2193db20e19e1feca8b1240dbbc4e190824fa\asm-5.0.3.jar, user.name=krant, java.vm.specification.version=1.8, sun.java.command=worker.org.gradle.process.internal.worker.GradleWorkerMain 'Gradle Test Executor 1', java.home=C:\Program Files\Java\jdk1.8.0_144\jre, sun.arch.data.model=64, user.language=en, java.specification.vendor=Oracle Corporation, awt.toolkit=sun.awt.windows.WToolkit, java.vm.info=mixed mode, java.version=1.8.0_144, java.ext.dirs=C:\Program Files\Java\jdk1.8.0_144\jre\lib\ext;C:\WINDOWS\Sun\Java\lib\ext, sun.boot.class.path=C:\Program Files\Java\jdk1.8.0_144\jre\lib\resources.jar;C:\Program Files\Java\jdk1.8.0_144\jre\lib\rt.jar;C:\Program Files\Java\jdk1.8.0_144\jre\lib\sunrsasign.jar;C:\Program Files\Java\jdk1.8.0_144\jre\lib\jsse.jar;C:\Program Files\Java\jdk1.8.0_144\jre\lib\jce.jar;C:\Program Files\Java\jdk1.8.0_144\jre\lib\charsets.jar;C:\Program Files\Java\jdk1.8.0_144\jre\lib\jfr.jar;C:\Program Files\Java\jdk1.8.0_144\jre\classes, java.vendor=Oracle Corporation, org.gradle.test.worker=1, file.separator=\, java.vendor.url.bug=http://bugreport.sun.com/bugreport/, sun.io.unicode.encoding=UnicodeLittle, sun.cpu.endian=little, sun.desktop=windows, sun.cpu.isalist=amd64}}, SystemEnvironmentPropertySource@2111200251 {name='systemEnvironment', properties={USERDOMAIN_ROAMINGPROFILE=KKALLETLA-PC, PROCESSOR_LEVEL=6, SESSIONNAME=Console, ALLUSERSPROFILE=C:\ProgramData, PROCESSOR_ARCHITECTURE=AMD64, PSModulePath=C:\Program Files\WindowsPowerShell\Modules;C:\WINDOWS\system32\WindowsPowerShell\v1.0\Modules;C:\Program Files\WindowsPowerShell\Modules;"C:\Program Files\WindowsPowerShell\Modules;";, SystemDrive=C:, =E:=E:\Material\JavaTrainning\spring-micro-service-mongoDB, =ExitCode=00000082, DIRNAME=E:\Material\JavaTrainning\spring-micro-service-mongoDB\, USERNAME=krant, CMD_LINE_ARGS=build, ProgramFiles(x86)=C:\Program Files (x86), FPS_BROWSER_USER_PROFILE_STRING=Default, APP_HOME=E:\Material\JavaTrainning\spring-micro-service-mongoDB\, PATHEXT=.COM;.EXE;.BAT;.CMD;.VBS;.VBE;.JS;.JSE;.WSF;.WSH;.MSC;.groovy;.gy, ProgramData=C:\ProgramData, ProgramW6432=C:\Program Files, HOMEPATH=\Users\krant, PROCESSOR_IDENTIFIER=Intel64 Family 6 Model 58 Stepping 9, GenuineIntel, ProgramFiles=C:\Program Files, PUBLIC=C:\Users\Public, windir=C:\WINDOWS, =::=::\, _SKIP=2, OPENSSL_CONF=C:\OpenSSL-Win64\bin\openssl.cfg, LOCALAPPDATA=C:\Users\krant\AppData\Local, USERDOMAIN=KKALLETLA-PC, FPS_BROWSER_APP_PROFILE_STRING=Internet Explorer, LOGONSERVER=\\KKALLETLA-PC, JAVA_HOME=C:\Program Files\Java\jdk1.8.0_144, PROMPT=$P$G, GROOVY_HOME=C:\PROGRA~2\Groovy\GROOVY~1.0, OneDrive=C:\Users\krant\OneDrive, APPDATA=C:\Users\krant\AppData\Roaming, JAVA_EXE=C:\Program Files\Java\jdk1.8.0_144/bin/java.exe, VBOX_MSI_INSTALL_PATH=C:\Program Files\Oracle\VirtualBox\, CommonProgramFiles=C:\Program Files\Common Files, Path=C:\Program Files\Docker\Docker\Resources\bin;D:\app\krant\product\11.2.0\client_1;D:\app\krant\product\11.2.0\dbhome_1\bin;C:\ProgramData\Oracle\Java\javapath;C:\WINDOWS\system32;C:\WINDOWS;C:\WINDOWS\System32\Wbem;C:\WINDOWS\System32\WindowsPowerShell\v1.0\;C:\Program Files\Java\jdk1.8.0_144\bin;C:\Program Files\MySQL\MySQL Utilities 1.6\;C:\Program Files\PuTTY\;C:\Program Files\Git\cmd;C:\Users\krant\Desktop\openssl-0.9.8s-x64_86-win64;E:\Software\apache-maven-3.5.0-bin\bin;C:\Program Files\Cloud Foundry;C:\Program Files\nodejs\;C:\Program Files\Amazon\AWSCLI\;E:\Software\FCIV;C:\Gradle\gradle-4.3\bin;C:\Program Files (x86)\sbt\bin;C:\Program Files (x86)\NVIDIA Corporation\PhysX\Common;C:\Users\krant\scoop\shims;C:\Users\krant\AppData\Local\Programs\Python\Python36-32\Scripts\;C:\Users\krant\AppData\Local\Programs\Python\Python36-32\;C:\Users\krant\AppData\Local\Microsoft\WindowsApps;C:\Users\krant\AppData\Local\GitHubDesktop\bin;C:\Users\krant\AppData\Roaming\npm;C:\Program Files (x86)\Nmap;E:\Software;;%USERPROFILE%\AppData\Local\Microsoft\WindowsApps, OS=Windows_NT, COMPUTERNAME=KKALLETLA-PC, SBT_HOME=C:\Program Files (x86)\sbt\, PROCESSOR_REVISION=3a09, CLASSPATH=E:\Material\JavaTrainning\spring-micro-service-mongoDB\\gradle\wrapper\gradle-wrapper.jar, CommonProgramW6432=C:\Program Files\Common Files, ComSpec=C:\WINDOWS\system32\cmd.exe, APP_BASE_NAME=gradlew, SystemRoot=C:\WINDOWS, TEMP=C:\Users\krant\AppData\Local\Temp, HOMEDRIVE=C:, USERPROFILE=C:\Users\krant, TMP=C:\Users\krant\AppData\Local\Temp, CommonProgramFiles(x86)=C:\Program Files (x86)\Common Files, NUMBER_OF_PROCESSORS=4}}]
11:45:25.075 [Test worker] DEBUG org.springframework.core.io.support.PathMatchingResourcePatternResolver - Resolved classpath location [com/kkalletla/springmicroservicemongoDB/] to resources [URL [file:/E:/Material/JavaTrainning/spring-micro-service-mongoDB/build/classes/test/com/kkalletla/springmicroservicemongoDB/], URL [file:/E:/Material/JavaTrainning/spring-micro-service-mongoDB/build/classes/main/com/kkalletla/springmicroservicemongoDB/]]
11:45:25.079 [Test worker] DEBUG org.springframework.core.io.support.PathMatchingResourcePatternResolver - Looking for matching resources in directory tree [E:\Material\JavaTrainning\spring-micro-service-mongoDB\build\classes\test\com\kkalletla\springmicroservicemongoDB]
11:45:25.082 [Test worker] DEBUG org.springframework.core.io.support.PathMatchingResourcePatternResolver - Searching directory [E:\Material\JavaTrainning\spring-micro-service-mongoDB\build\classes\test\com\kkalletla\springmicroservicemongoDB] for files matching pattern [E:/Material/JavaTrainning/spring-micro-service-mongoDB/build/classes/test/com/kkalletla/springmicroservicemongoDB/*.class]
11:45:25.090 [Test worker] DEBUG org.springframework.core.io.support.PathMatchingResourcePatternResolver - Looking for matching resources in directory tree [E:\Material\JavaTrainning\spring-micro-service-mongoDB\build\classes\main\com\kkalletla\springmicroservicemongoDB]
11:45:25.090 [Test worker] DEBUG org.springframework.core.io.support.PathMatchingResourcePatternResolver - Searching directory [E:\Material\JavaTrainning\spring-micro-service-mongoDB\build\classes\main\com\kkalletla\springmicroservicemongoDB] for files matching pattern [E:/Material/JavaTrainning/spring-micro-service-mongoDB/build/classes/main/com/kkalletla/springmicroservicemongoDB/*.class]
11:45:25.093 [Test worker] DEBUG org.springframework.core.io.support.PathMatchingResourcePatternResolver - Resolved location pattern [classpath*:com/kkalletla/springmicroservicemongoDB/*.class] to resources [file [E:\Material\JavaTrainning\spring-micro-service-mongoDB\build\classes\test\com\kkalletla\springmicroservicemongoDB\SpringMicroServiceMongoDbApplicationTests.class], file [E:\Material\JavaTrainning\spring-micro-service-mongoDB\build\classes\main\com\kkalletla\springmicroservicemongoDB\SpringMicroServiceMongoDbApplication.class]]
11:45:25.187 [Test worker] DEBUG org.springframework.context.annotation.ClassPathScanningCandidateComponentProvider - Identified candidate component class: file [E:\Material\JavaTrainning\spring-micro-service-mongoDB\build\classes\main\com\kkalletla\springmicroservicemongoDB\SpringMicroServiceMongoDbApplication.class]
11:45:25.190 [Test worker] INFO org.springframework.boot.test.context.SpringBootTestContextBootstrapper - Found @SpringBootConfiguration com.kkalletla.springmicroservicemongoDB.SpringMicroServiceMongoDbApplication for test class com.kkalletla.springmicroservicemongoDB.SpringMicroServiceMongoDbApplicationTests
11:45:25.203 [Test worker] DEBUG org.springframework.boot.test.context.SpringBootTestContextBootstrapper - @TestExecutionListeners is not present for class [com.kkalletla.springmicroservicemongoDB.SpringMicroServiceMongoDbApplicationTests]: using defaults.
11:45:25.214 [Test worker] INFO org.springframework.boot.test.context.SpringBootTestContextBootstrapper - Loaded default TestExecutionListener class names from location [META-INF/spring.factories]: [org.springframework.boot.test.mock.mockito.MockitoTestExecutionListener, org.springframework.boot.test.mock.mockito.ResetMocksTestExecutionListener, org.springframework.boot.test.autoconfigure.restdocs.RestDocsTestExecutionListener, org.springframework.boot.test.autoconfigure.web.client.MockRestServiceServerResetTestExecutionListener, org.springframework.boot.test.autoconfigure.web.servlet.MockMvcPrintOnlyOnFailureTestExecutionListener, org.springframework.boot.test.autoconfigure.web.servlet.WebDriverTestExecutionListener, org.springframework.test.context.web.ServletTestExecutionListener, org.springframework.test.context.support.DirtiesContextBeforeModesTestExecutionListener, org.springframework.test.context.support.DependencyInjectionTestExecutionListener, org.springframework.test.context.support.DirtiesContextTestExecutionListener, org.springframework.test.context.transaction.TransactionalTestExecutionListener, org.springframework.test.context.jdbc.SqlScriptsTestExecutionListener]
11:45:25.253 [Test worker] INFO org.springframework.boot.test.context.SpringBootTestContextBootstrapper - Using TestExecutionListeners: [org.springframework.test.context.web.ServletTestExecutionListener@22a5efa6, org.springframework.test.context.support.DirtiesContextBeforeModesTestExecutionListener@2717b9e7, org.springframework.boot.test.autoconfigure.SpringBootDependencyInjectionTestExecutionListener@4fa0bc0, org.springframework.test.context.support.DirtiesContextTestExecutionListener@327692dd, org.springframework.test.context.transaction.TransactionalTestExecutionListener@3f2393ea, org.springframework.test.context.jdbc.SqlScriptsTestExecutionListener@2561dd68, org.springframework.boot.test.autoconfigure.restdocs.RestDocsTestExecutionListener@7111760f, org.springframework.boot.test.mock.mockito.MockitoTestExecutionListener@7777f28a, org.springframework.boot.test.mock.mockito.ResetMocksTestExecutionListener@5468834d, org.springframework.boot.test.autoconfigure.web.servlet.MockMvcPrintOnlyOnFailureTestExecutionListener@7fc98e35, org.springframework.boot.test.autoconfigure.web.servlet.WebDriverTestExecutionListener@5123ecd, org.springframework.boot.test.autoconfigure.web.client.MockRestServiceServerResetTestExecutionListener@4d396f47]
11:45:25.257 [Test worker] DEBUG org.springframework.test.annotation.ProfileValueUtils - Retrieved @ProfileValueSourceConfiguration [null] for test class [com.kkalletla.springmicroservicemongoDB.SpringMicroServiceMongoDbApplicationTests]
11:45:25.258 [Test worker] DEBUG org.springframework.test.annotation.ProfileValueUtils - Retrieved ProfileValueSource type [class org.springframework.test.annotation.SystemProfileValueSource] for class [com.kkalletla.springmicroservicemongoDB.SpringMicroServiceMongoDbApplicationTests]
11:45:25.259 [Test worker] DEBUG org.springframework.test.annotation.ProfileValueUtils - Retrieved @ProfileValueSourceConfiguration [null] for test class [com.kkalletla.springmicroservicemongoDB.SpringMicroServiceMongoDbApplicationTests]
11:45:25.260 [Test worker] DEBUG org.springframework.test.annotation.ProfileValueUtils - Retrieved ProfileValueSource type [class org.springframework.test.annotation.SystemProfileValueSource] for class [com.kkalletla.springmicroservicemongoDB.SpringMicroServiceMongoDbApplicationTests]
11:45:25.267 [Test worker] DEBUG org.springframework.test.context.support.AbstractDirtiesContextTestExecutionListener - Before test class: context [DefaultTestContext@7f8b5f30 testClass = SpringMicroServiceMongoDbApplicationTests, testInstance = [null], testMethod = [null], testException = [null], mergedContextConfiguration = [WebMergedContextConfiguration@5159824a testClass = SpringMicroServiceMongoDbApplicationTests, locations = '{}', classes = '{class com.kkalletla.springmicroservicemongoDB.SpringMicroServiceMongoDbApplication}', contextInitializerClasses = '[]', activeProfiles = '{}', propertySourceLocations = '{}', propertySourceProperties = '{org.springframework.boot.test.context.SpringBootTestContextBootstrapper=true}', contextCustomizers = set[org.springframework.boot.test.context.SpringBootTestContextCustomizer@499e685d, org.springframework.boot.test.context.filter.ExcludeFilterContextCustomizer@4f063947, org.springframework.boot.test.json.DuplicateJsonObjectContextCustomizerFactory$DuplicateJsonObjectContextCustomizer@2e1f702b, org.springframework.boot.test.mock.mockito.MockitoContextCustomizer@0, org.springframework.boot.test.autoconfigure.properties.PropertyMappingContextCustomizer@0, org.springframework.boot.test.autoconfigure.web.servlet.WebDriverContextCustomizerFactory$Customizer@7430fc92], resourceBasePath = 'src/main/webapp', contextLoader = 'org.springframework.boot.test.context.SpringBootContextLoader', parent = [null]]], class annotated with @DirtiesContext [false] with mode [null].
11:45:25.268 [Test worker] DEBUG org.springframework.test.annotation.ProfileValueUtils - Retrieved @ProfileValueSourceConfiguration [null] for test class [com.kkalletla.springmicroservicemongoDB.SpringMicroServiceMongoDbApplicationTests]
11:45:25.268 [Test worker] DEBUG org.springframework.test.annotation.ProfileValueUtils - Retrieved ProfileValueSource type [class org.springframework.test.annotation.SystemProfileValueSource] for class [com.kkalletla.springmicroservicemongoDB.SpringMicroServiceMongoDbApplicationTests]
11:45:25.365 [Test worker] DEBUG org.springframework.core.env.StandardEnvironment - Adding PropertySource 'systemProperties' with lowest search precedence
11:45:25.365 [Test worker] DEBUG org.springframework.core.env.StandardEnvironment - Adding PropertySource 'systemEnvironment' with lowest search precedence
11:45:25.367 [Test worker] DEBUG org.springframework.core.env.StandardEnvironment - Initialized StandardEnvironment with PropertySources [MapPropertySource@1860446545 {name='systemProperties', properties={java.runtime.name=Java(TM) SE Runtime Environment, sun.boot.library.path=C:\Program Files\Java\jdk1.8.0_144\jre\bin, java.vm.version=25.144-b01, java.vm.vendor=Oracle Corporation, java.vendor.url=http://java.oracle.com/, path.separator=;, java.vm.name=Java HotSpot(TM) 64-Bit Server VM, file.encoding.pkg=sun.io, user.script=, sun.java.launcher=SUN_STANDARD, user.country=US, sun.os.patch.level=, java.vm.specification.name=Java Virtual Machine Specification, user.dir=E:\Material\JavaTrainning\spring-micro-service-mongoDB, java.runtime.version=1.8.0_144-b01, java.awt.graphicsenv=sun.awt.Win32GraphicsEnvironment, java.endorsed.dirs=C:\Program Files\Java\jdk1.8.0_144\jre\lib\endorsed, os.arch=amd64, java.io.tmpdir=C:\Users\krant\AppData\Local\Temp\, line.separator=
, java.vm.specification.vendor=Oracle Corporation, user.variant=, os.name=Windows 10, sun.jnu.encoding=Cp1252, java.library.path=C:\Program Files\Java\jdk1.8.0_144\bin;C:\WINDOWS\Sun\Java\bin;C:\WINDOWS\system32;C:\WINDOWS;C:\Program Files\Docker\Docker\Resources\bin;D:\app\krant\product\11.2.0\client_1;D:\app\krant\product\11.2.0\dbhome_1\bin;C:\ProgramData\Oracle\Java\javapath;C:\WINDOWS\system32;C:\WINDOWS;C:\WINDOWS\System32\Wbem;C:\WINDOWS\System32\WindowsPowerShell\v1.0\;C:\Program Files\Java\jdk1.8.0_144\bin;C:\Program Files\MySQL\MySQL Utilities 1.6\;C:\Program Files\PuTTY\;C:\Program Files\Git\cmd;C:\Users\krant\Desktop\openssl-0.9.8s-x64_86-win64;E:\Software\apache-maven-3.5.0-bin\bin;C:\Program Files\Cloud Foundry;C:\Program Files\nodejs\;C:\Program Files\Amazon\AWSCLI\;E:\Software\FCIV;C:\Gradle\gradle-4.3\bin;C:\Program Files (x86)\sbt\bin;C:\Program Files (x86)\NVIDIA Corporation\PhysX\Common;C:\Users\krant\scoop\shims;C:\Users\krant\AppData\Local\Programs\Python\Python36-32\Scripts\;C:\Users\krant\AppData\Local\Programs\Python\Python36-32\;C:\Users\krant\AppData\Local\Microsoft\WindowsApps;C:\Users\krant\AppData\Local\GitHubDesktop\bin;C:\Users\krant\AppData\Roaming\npm;C:\Program Files (x86)\Nmap;E:\Software;;%USERPROFILE%\AppData\Local\Microsoft\WindowsApps;., java.specification.name=Java Platform API Specification, java.class.version=52.0, sun.management.compiler=HotSpot 64-Bit Tiered Compilers, os.version=10.0, user.home=C:\Users\krant, user.timezone=America/Chicago, java.awt.printerjob=sun.awt.windows.WPrinterJob, file.encoding=windows-1252, java.specification.version=1.8, java.class.path=E:\Material\JavaTrainning\spring-micro-service-mongoDB\build\classes\test;E:\Material\JavaTrainning\spring-micro-service-mongoDB\build\resources\test;E:\Material\JavaTrainning\spring-micro-service-mongoDB\build\classes\main;E:\Material\JavaTrainning\spring-micro-service-mongoDB\build\resources\main;C:\Users\krant\.gradle\caches\modules-2\files-2.1\org.springframework.boot\spring-boot-starter-data-mongodb\1.5.8.RELEASE\d6a3761c971691e9a70d8bc33c0158dcf8f06fcf\spring-boot-starter-data-mongodb-1.5.8.RELEASE.jar;C:\Users\krant\.gradle\caches\modules-2\files-2.1\org.springframework.boot\spring-boot-starter-jersey\1.5.8.RELEASE\a02325b0750bff113e6fe1919080e31ca8c486b0\spring-boot-starter-jersey-1.5.8.RELEASE.jar;C:\Users\krant\.gradle\caches\modules-2\files-2.1\org.springframework.boot\spring-boot-starter-web\1.5.8.RELEASE\7e0dc79e3b47be4539ad3c033639133ae6b7a17e\spring-boot-starter-web-1.5.8.RELEASE.jar;C:\Users\krant\.gradle\caches\modules-2\files-2.1\org.springframework.boot\spring-boot-starter-test\1.5.8.RELEASE\20b767f594924b32950286f1236ab7d68ff861f9\spring-boot-starter-test-1.5.8.RELEASE.jar;C:\Users\krant\.gradle\caches\modules-2\files-2.1\org.springframework.boot\spring-boot-starter\1.5.8.RELEASE\18048efe1f06569022a53cc3fb2fe9c0162935a3\spring-boot-starter-1.5.8.RELEASE.jar;C:\Users\krant\.gradle\caches\modules-2\files-2.1\org.mongodb\mongodb-driver\3.4.3\a1c708919fdca8da4a527cb4ea9df30f8db9993b\mongodb-driver-3.4.3.jar;C:\Users\krant\.gradle\caches\modules-2\files-2.1\org.springframework.data\spring-data-mongodb\1.10.8.RELEASE\83142e2629ef0db3abc0b13296c6c7f5d2fa9a59\spring-data-mongodb-1.10.8.RELEASE.jar;C:\Users\krant\.gradle\caches\modules-2\files-2.1\org.springframework.boot\spring-boot-starter-tomcat\1.5.8.RELEASE\cf3b7eb7e192a60ab1dd09e4f8bce82710a5feb0\spring-boot-starter-tomcat-1.5.8.RELEASE.jar;C:\Users\krant\.gradle\caches\modules-2\files-2.1\org.springframework.boot\spring-boot-starter-validation\1.5.8.RELEASE\69aade16cb32a9438375bbdea975a4bc9cfd5048\spring-boot-starter-validation-1.5.8.RELEASE.jar;C:\Users\krant\.gradle\caches\modules-2\files-2.1\com.fasterxml.jackson.core\jackson-databind\2.8.10\f7b83cb2bc4b88d53961e749e1ad32f49ef017b7\jackson-databind-2.8.10.jar;C:\Users\krant\.gradle\caches\modules-2\files-2.1\org.springframework\spring-web\4.3.12.RELEASE\86c29588cca74d0fc848b194cb13fcdfd12bc990\spring-web-4.3.12.RELEASE.jar;C:\Users\krant\.gradle\caches\modules-2\files-2.1\org.glassfish.jersey.core\jersey-server\2.25.1\276e2ee0fd1cdabf99357fce560c5baab675b1a2\jersey-server-2.25.1.jar;C:\Users\krant\.gradle\caches\modules-2\files-2.1\org.glassfish.jersey.containers\jersey-container-servlet-core\2.25.1\400e30bb035a0cdf3c554530224141ce659a0d1e\jersey-container-servlet-core-2.25.1.jar;C:\Users\krant\.gradle\caches\modules-2\files-2.1\org.glassfish.jersey.containers\jersey-container-servlet\2.25.1\cf5f7a76fcea38158b890ab7a0142d4db709a882\jersey-container-servlet-2.25.1.jar;C:\Users\krant\.gradle\caches\modules-2\files-2.1\org.glassfish.jersey.ext\jersey-bean-validation\2.25.1\1971927d79cad0ad2b5a3bfda24967748a2023d\jersey-bean-validation-2.25.1.jar;C:\Users\krant\.gradle\caches\modules-2\files-2.1\org.glassfish.jersey.ext\jersey-spring3\2.25.1\a31bfcd2fcae5beb979d3f41079b6f4020d6fbc9\jersey-spring3-2.25.1.jar;C:\Users\krant\.gradle\caches\modules-2\files-2.1\org.glassfish.jersey.media\jersey-media-json-jackson\2.25.1\19d1e4276eb7b6386640c344d9e5c01eba7eae5d\jersey-media-json-jackson-2.25.1.jar;C:\Users\krant\.gradle\caches\modules-2\files-2.1\org.hibernate\hibernate-validator\5.3.5.Final\622a9bcef2eed6d41b5b8e0662c36212009e375\hibernate-validator-5.3.5.Final.jar;C:\Users\krant\.gradle\caches\modules-2\files-2.1\org.springframework\spring-webmvc\4.3.12.RELEASE\986e5dcd4435e780f6be64f8185eaa51523cf851\spring-webmvc-4.3.12.RELEASE.jar;C:\Users\krant\.gradle\caches\modules-2\files-2.1\org.springframework.boot\spring-boot-test\1.5.8.RELEASE\17dedee86d1a9e9bd409d715fd90650ca1049659\spring-boot-test-1.5.8.RELEASE.jar;C:\Users\krant\.gradle\caches\modules-2\files-2.1\org.springframework.boot\spring-boot-test-autoconfigure\1.5.8.RELEASE\a8f986cc4b6ecef1417fe50c20984f12f54d15cc\spring-boot-test-autoconfigure-1.5.8.RELEASE.jar;C:\Users\krant\.gradle\caches\modules-2\files-2.1\com.jayway.jsonpath\json-path\2.2.0\22290d17944bd239fabf5ac69005a60a7ecbbbcb\json-path-2.2.0.jar;C:\Users\krant\.gradle\caches\modules-2\files-2.1\junit\junit\4.12\2973d150c0dc1fefe998f834810d68f278ea58ec\junit-4.12.jar;C:\Users\krant\.gradle\caches\modules-2\files-2.1\org.assertj\assertj-core\2.6.0\b532c3fc4f66bcfee4989a3514f1cd56203a33ad\assertj-core-2.6.0.jar;C:\Users\krant\.gradle\caches\modules-2\files-2.1\org.mockito\mockito-core\1.10.19\e8546f5bef4e061d8dd73895b4e8f40e3fe6effe\mockito-core-1.10.19.jar;C:\Users\krant\.gradle\caches\modules-2\files-2.1\org.hamcrest\hamcrest-core\1.3\42a25dc3219429f0e5d060061f71acb49bf010a0\hamcrest-core-1.3.jar;C:\Users\krant\.gradle\caches\modules-2\files-2.1\org.hamcrest\hamcrest-library\1.3\4785a3c21320980282f9f33d0d1264a69040538f\hamcrest-library-1.3.jar;C:\Users\krant\.gradle\caches\modules-2\files-2.1\org.skyscreamer\jsonassert\1.4.0\9cdbb373a06f6513e51e8c545ee6a5e981463edb\jsonassert-1.4.0.jar;C:\Users\krant\.gradle\caches\modules-2\files-2.1\org.springframework\spring-core\4.3.12.RELEASE\4cebc69478c6d350dbd5af28e3db7d5694f416e3\spring-core-4.3.12.RELEASE.jar;C:\Users\krant\.gradle\caches\modules-2\files-2.1\org.springframework\spring-test\4.3.12.RELEASE\825a7ac1014528db722a6cc94cceaef2410cb314\spring-test-4.3.12.RELEASE.jar;C:\Users\krant\.gradle\caches\modules-2\files-2.1\org.springframework.boot\spring-boot\1.5.8.RELEASE\748ebde51761e12627ad23d064024f342b18f9b4\spring-boot-1.5.8.RELEASE.jar;C:\Users\krant\.gradle\caches\modules-2\files-2.1\org.springframework.boot\spring-boot-autoconfigure\1.5.8.RELEASE\e4f2efa4c319f4e3613d94fbccfdb5ccda6873e3\spring-boot-autoconfigure-1.5.8.RELEASE.jar;C:\Users\krant\.gradle\caches\modules-2\files-2.1\org.springframework.boot\spring-boot-starter-logging\1.5.8.RELEASE\ebc00a0e46753d90431fdcc5e3d6b9fd3bf1564a\spring-boot-starter-logging-1.5.8.RELEASE.jar;C:\Users\krant\.gradle\caches\modules-2\files-2.1\org.yaml\snakeyaml\1.17\7a27ea250c5130b2922b86dea63cbb1cc10a660c\snakeyaml-1.17.jar;C:\Users\krant\.gradle\caches\modules-2\files-2.1\org.mongodb\mongodb-driver-core\3.4.3\c588da4e7b4ac9330e58d4d5b414508ccb14367b\mongodb-driver-core-3.4.3.jar;C:\Users\krant\.gradle\caches\modules-2\files-2.1\org.mongodb\bson\3.4.3\83a9328ce8ffbdf29f4b46b531012427983ad3ec\bson-3.4.3.jar;C:\Users\krant\.gradle\caches\modules-2\files-2.1\org.springframework\spring-tx\4.3.12.RELEASE\7147b6839b2bf9db3621b79c73b4dddbe69572b6\spring-tx-4.3.12.RELEASE.jar;C:\Users\krant\.gradle\caches\modules-2\files-2.1\org.springframework\spring-context\4.3.12.RELEASE\5e6d26f36636f36b7efec1d6a0c5991284fbd95b\spring-context-4.3.12.RELEASE.jar;C:\Users\krant\.gradle\caches\modules-2\files-2.1\org.springframework\spring-beans\4.3.12.RELEASE\547dd432d47d0f01d9ccbedc4b705f9f7c1240a\spring-beans-4.3.12.RELEASE.jar;C:\Users\krant\.gradle\caches\modules-2\files-2.1\org.springframework\spring-expression\4.3.12.RELEASE\790f69f6ad7f9da8d4a92c603ad7244c398c8309\spring-expression-4.3.12.RELEASE.jar;C:\Users\krant\.gradle\caches\modules-2\files-2.1\org.springframework.data\spring-data-commons\1.13.8.RELEASE\2853e3c38e02d42529f6c8b247d7bace40c25642\spring-data-commons-1.13.8.RELEASE.jar;C:\Users\krant\.gradle\caches\modules-2\files-2.1\org.slf4j\slf4j-api\1.7.25\da76ca59f6a57ee3102f8f9bd9cee742973efa8a\slf4j-api-1.7.25.jar;C:\Users\krant\.gradle\caches\modules-2\files-2.1\org.slf4j\jcl-over-slf4j\1.7.25\f8c32b13ff142a513eeb5b6330b1588dcb2c0461\jcl-over-slf4j-1.7.25.jar;C:\Users\krant\.gradle\caches\modules-2\files-2.1\org.apache.tomcat.embed\tomcat-embed-core\8.5.23\79261793a47f507890ee08f749b9d81774e4f7f0\tomcat-embed-core-8.5.23.jar;C:\Users\krant\.gradle\caches\modules-2\files-2.1\org.apache.tomcat.embed\tomcat-embed-el\8.5.23\98d979cde444dffa6d434c8377d0123b2dfa614c\tomcat-embed-el-8.5.23.jar;C:\Users\krant\.gradle\caches\modules-2\files-2.1\org.apache.tomcat.embed\tomcat-embed-websocket\8.5.23\52f07abcae10dc7e1764304b0877def175c2c833\tomcat-embed-websocket-8.5.23.jar;C:\Users\krant\.gradle\caches\modules-2\files-2.1\com.fasterxml.jackson.core\jackson-annotations\2.8.0\45b426f7796b741035581a176744d91090e2e6fb\jackson-annotations-2.8.0.jar;C:\Users\krant\.gradle\caches\modules-2\files-2.1\com.fasterxml.jackson.core\jackson-core\2.8.10\eb21a035c66ad307e66ec8fce37f5d50fd62d039\jackson-core-2.8.10.jar;C:\Users\krant\.gradle\caches\modules-2\files-2.1\org.springframework\spring-aop\4.3.12.RELEASE\b3fef085902993c2ef874c45c7bfd79296d5a5a4\spring-aop-4.3.12.RELEASE.jar;C:\Users\krant\.gradle\caches\modules-2\files-2.1\org.glassfish.jersey.core\jersey-common\2.25.1\2438ce68d4907046095ab54aa83a6092951b4bbb\jersey-common-2.25.1.jar;C:\Users\krant\.gradle\caches\modules-2\files-2.1\org.glassfish.jersey.core\jersey-client\2.25.1\4d563b1f93352ee9fad597e9e1daf2c6159993c6\jersey-client-2.25.1.jar;C:\Users\krant\.gradle\caches\modules-2\files-2.1\javax.ws.rs\javax.ws.rs-api\2.0.1\104e9c2b5583cfcfeac0402316221648d6d8ea6b\javax.ws.rs-api-2.0.1.jar;C:\Users\krant\.gradle\caches\modules-2\files-2.1\org.glassfish.jersey.media\jersey-media-jaxb\2.25.1\d7da0beeed5614a3bfd882662faec602699e24b\jersey-media-jaxb-2.25.1.jar;C:\Users\krant\.gradle\caches\modules-2\files-2.1\javax.annotation\javax.annotation-api\1.2\479c1e06db31c432330183f5cae684163f186146\javax.annotation-api-1.2.jar;C:\Users\krant\.gradle\caches\modules-2\files-2.1\org.glassfish.hk2\hk2-api\2.5.0-b32\6a576c9653832ce610b80a2f389374ef19d96171\hk2-api-2.5.0-b32.jar;C:\Users\krant\.gradle\caches\modules-2\files-2.1\org.glassfish.hk2.external\javax.inject\2.5.0-b32\b2fa50c8186a38728c35fe6a9da57ce4cc806923\javax.inject-2.5.0-b32.jar;C:\Users\krant\.gradle\caches\modules-2\files-2.1\org.glassfish.hk2\hk2-locator\2.5.0-b32\195474f8ad0a8d130e9ea949a771bcf1215fc33b\hk2-locator-2.5.0-b32.jar;C:\Users\krant\.gradle\caches\modules-2\files-2.1\javax.validation\validation-api\1.1.0.Final\8613ae82954779d518631e05daa73a6a954817d5\validation-api-1.1.0.Final.jar;C:\Users\krant\.gradle\caches\modules-2\files-2.1\org.glassfish.hk2\hk2\2.5.0-b32\c3accae585955e49c771d464899e906ecc9ffb4\hk2-2.5.0-b32.jar;C:\Users\krant\.gradle\caches\modules-2\files-2.1\org.glassfish.hk2\spring-bridge\2.5.0-b32\f38ecef23edc769942a95c062efd63541044de42\spring-bridge-2.5.0-b32.jar;C:\Users\krant\.gradle\caches\modules-2\files-2.1\org.glassfish.jersey.ext\jersey-entity-filtering\2.25.1\4a5805060f796ec2c9bb1ba0ce91c1db6d889524\jersey-entity-filtering-2.25.1.jar;C:\Users\krant\.gradle\caches\modules-2\files-2.1\com.fasterxml.jackson.jaxrs\jackson-jaxrs-base\2.8.10\50a3d02a31cb427272a96fe696b5ac9442c7cfa1\jackson-jaxrs-base-2.8.10.jar;C:\Users\krant\.gradle\caches\modules-2\files-2.1\com.fasterxml.jackson.jaxrs\jackson-jaxrs-json-provider\2.8.10\f8837cf03871569eb02a491dea64929e5da14b4\jackson-jaxrs-json-provider-2.8.10.jar;C:\Users\krant\.gradle\caches\modules-2\files-2.1\org.jboss.logging\jboss-logging\3.3.1.Final\c46217ab74b532568c0ed31dc599db3048bd1b67\jboss-logging-3.3.1.Final.jar;C:\Users\krant\.gradle\caches\modules-2\files-2.1\com.fasterxml\classmate\1.3.4\3d5f48f10bbe4eb7bd862f10c0583be2e0053c6\classmate-1.3.4.jar;C:\Users\krant\.gradle\caches\modules-2\files-2.1\net.minidev\json-smart\2.2.1\5b9e5df7a62d1279b70dc882b041d249c4f0b002\json-smart-2.2.1.jar;C:\Users\krant\.gradle\caches\modules-2\files-2.1\org.objenesis\objenesis\2.1\87c0ea803b69252868d09308b4618f766f135a96\objenesis-2.1.jar;C:\Users\krant\.gradle\caches\modules-2\files-2.1\com.vaadin.external.google\android-json\0.0.20131108.vaadin1\fa26d351fe62a6a17f5cda1287c1c6110dec413f\android-json-0.0.20131108.vaadin1.jar;C:\Users\krant\.gradle\caches\modules-2\files-2.1\ch.qos.logback\logback-classic\1.1.11\ccedfbacef4a6515d2983e3f89ed753d5d4fb665\logback-classic-1.1.11.jar;C:\Users\krant\.gradle\caches\modules-2\files-2.1\org.slf4j\jul-to-slf4j\1.7.25\af5364cd6679bfffb114f0dec8a157aaa283b76\jul-to-slf4j-1.7.25.jar;C:\Users\krant\.gradle\caches\modules-2\files-2.1\org.slf4j\log4j-over-slf4j\1.7.25\a87bb47468f47ee7aabbd54f93e133d4215769c3\log4j-over-slf4j-1.7.25.jar;C:\Users\krant\.gradle\caches\modules-2\files-2.1\org.apache.tomcat\tomcat-annotations-api\8.5.23\aaf17df9fe0240e9e9d5375d24d5f177174b73d9\tomcat-annotations-api-8.5.23.jar;C:\Users\krant\.gradle\caches\modules-2\files-2.1\org.glassfish.jersey.bundles.repackaged\jersey-guava\2.25.1\a2bb4f8208e134cf2cf71dfb8824e42942f7bd06\jersey-guava-2.25.1.jar;C:\Users\krant\.gradle\caches\modules-2\files-2.1\org.glassfish.hk2\osgi-resource-locator\1.0.1\4ed2b2d4738aed5786cfa64cba5a332779c4c708\osgi-resource-locator-1.0.1.jar;C:\Users\krant\.gradle\caches\modules-2\files-2.1\org.glassfish.hk2\hk2-utils\2.5.0-b32\5108a926988c4ceda7f1e681dddfe3101454a002\hk2-utils-2.5.0-b32.jar;C:\Users\krant\.gradle\caches\modules-2\files-2.1\org.glassfish.hk2.external\aopalliance-repackaged\2.5.0-b32\6af37c3f8ec6f9e9653ec837eb508da28ce443cd\aopalliance-repackaged-2.5.0-b32.jar;C:\Users\krant\.gradle\caches\modules-2\files-2.1\org.javassist\javassist\3.21.0-GA\598244f595db5c5fb713731eddbb1c91a58d959b\javassist-3.21.0-GA.jar;C:\Users\krant\.gradle\caches\modules-2\files-2.1\org.glassfish.hk2\config-types\2.5.0-b32\686bbe7f80b1b879d64c06bc6606c97721a795f2\config-types-2.5.0-b32.jar;C:\Users\krant\.gradle\caches\modules-2\files-2.1\org.glassfish.hk2\hk2-core\2.5.0-b32\8cb6a8a9522ec523b7740d29f555bdbe9d936af2\hk2-core-2.5.0-b32.jar;C:\Users\krant\.gradle\caches\modules-2\files-2.1\org.glassfish.hk2\hk2-config\2.5.0-b32\dce05ac4225dbc0c1c382ad02e3b5bee51f0168a\hk2-config-2.5.0-b32.jar;C:\Users\krant\.gradle\caches\modules-2\files-2.1\org.glassfish.hk2\hk2-runlevel\2.5.0-b32\60dc979763ea885e796cba4d3e322af8d500ba74\hk2-runlevel-2.5.0-b32.jar;C:\Users\krant\.gradle\caches\modules-2\files-2.1\org.glassfish.hk2\class-model\2.5.0-b32\17f054f3e91898c0c0fc52163ad904b13c24e8b\class-model-2.5.0-b32.jar;C:\Users\krant\.gradle\caches\modules-2\files-2.1\com.fasterxml.jackson.module\jackson-module-jaxb-annotations\2.8.10\22df8efd0cff7661bf136148c73e2651748f7600\jackson-module-jaxb-annotations-2.8.10.jar;C:\Users\krant\.gradle\caches\modules-2\files-2.1\net.minidev\accessors-smart\1.1\a527213f2fea112a04c9bdf0ec0264e34104cd08\accessors-smart-1.1.jar;C:\Users\krant\.gradle\caches\modules-2\files-2.1\ch.qos.logback\logback-core\1.1.11\88b8df40340eed549fb07e2613879bf6b006704d\logback-core-1.1.11.jar;C:\Users\krant\.gradle\caches\modules-2\files-2.1\org.glassfish.hk2.external\asm-all-repackaged\2.5.0-b32\dc705f1d54cd5a96cbc5a473525e75ef1cb59a9e\asm-all-repackaged-2.5.0-b32.jar;C:\Users\krant\.gradle\caches\modules-2\files-2.1\org.ow2.asm\asm\5.0.3\dcc2193db20e19e1feca8b1240dbbc4e190824fa\asm-5.0.3.jar, user.name=krant, java.vm.specification.version=1.8, sun.java.command=worker.org.gradle.process.internal.worker.GradleWorkerMain 'Gradle Test Executor 1', java.home=C:\Program Files\Java\jdk1.8.0_144\jre, sun.arch.data.model=64, user.language=en, java.specification.vendor=Oracle Corporation, awt.toolkit=sun.awt.windows.WToolkit, java.vm.info=mixed mode, java.version=1.8.0_144, java.ext.dirs=C:\Program Files\Java\jdk1.8.0_144\jre\lib\ext;C:\WINDOWS\Sun\Java\lib\ext, sun.boot.class.path=C:\Program Files\Java\jdk1.8.0_144\jre\lib\resources.jar;C:\Program Files\Java\jdk1.8.0_144\jre\lib\rt.jar;C:\Program Files\Java\jdk1.8.0_144\jre\lib\sunrsasign.jar;C:\Program Files\Java\jdk1.8.0_144\jre\lib\jsse.jar;C:\Program Files\Java\jdk1.8.0_144\jre\lib\jce.jar;C:\Program Files\Java\jdk1.8.0_144\jre\lib\charsets.jar;C:\Program Files\Java\jdk1.8.0_144\jre\lib\jfr.jar;C:\Program Files\Java\jdk1.8.0_144\jre\classes, java.vendor=Oracle Corporation, org.gradle.test.worker=1, file.separator=\, java.vendor.url.bug=http://bugreport.sun.com/bugreport/, sun.io.unicode.encoding=UnicodeLittle, sun.cpu.endian=little, sun.desktop=windows, sun.cpu.isalist=amd64}}, SystemEnvironmentPropertySource@2025606632 {name='systemEnvironment', properties={USERDOMAIN_ROAMINGPROFILE=KKALLETLA-PC, PROCESSOR_LEVEL=6, SESSIONNAME=Console, ALLUSERSPROFILE=C:\ProgramData, PROCESSOR_ARCHITECTURE=AMD64, PSModulePath=C:\Program Files\WindowsPowerShell\Modules;C:\WINDOWS\system32\WindowsPowerShell\v1.0\Modules;C:\Program Files\WindowsPowerShell\Modules;"C:\Program Files\WindowsPowerShell\Modules;";, SystemDrive=C:, =E:=E:\Material\JavaTrainning\spring-micro-service-mongoDB, =ExitCode=00000082, DIRNAME=E:\Material\JavaTrainning\spring-micro-service-mongoDB\, USERNAME=krant, CMD_LINE_ARGS=build, ProgramFiles(x86)=C:\Program Files (x86), FPS_BROWSER_USER_PROFILE_STRING=Default, APP_HOME=E:\Material\JavaTrainning\spring-micro-service-mongoDB\, PATHEXT=.COM;.EXE;.BAT;.CMD;.VBS;.VBE;.JS;.JSE;.WSF;.WSH;.MSC;.groovy;.gy, ProgramData=C:\ProgramData, ProgramW6432=C:\Program Files, HOMEPATH=\Users\krant, PROCESSOR_IDENTIFIER=Intel64 Family 6 Model 58 Stepping 9, GenuineIntel, ProgramFiles=C:\Program Files, PUBLIC=C:\Users\Public, windir=C:\WINDOWS, =::=::\, _SKIP=2, OPENSSL_CONF=C:\OpenSSL-Win64\bin\openssl.cfg, LOCALAPPDATA=C:\Users\krant\AppData\Local, USERDOMAIN=KKALLETLA-PC, FPS_BROWSER_APP_PROFILE_STRING=Internet Explorer, LOGONSERVER=\\KKALLETLA-PC, JAVA_HOME=C:\Program Files\Java\jdk1.8.0_144, PROMPT=$P$G, GROOVY_HOME=C:\PROGRA~2\Groovy\GROOVY~1.0, OneDrive=C:\Users\krant\OneDrive, APPDATA=C:\Users\krant\AppData\Roaming, JAVA_EXE=C:\Program Files\Java\jdk1.8.0_144/bin/java.exe, VBOX_MSI_INSTALL_PATH=C:\Program Files\Oracle\VirtualBox\, CommonProgramFiles=C:\Program Files\Common Files, Path=C:\Program Files\Docker\Docker\Resources\bin;D:\app\krant\product\11.2.0\client_1;D:\app\krant\product\11.2.0\dbhome_1\bin;C:\ProgramData\Oracle\Java\javapath;C:\WINDOWS\system32;C:\WINDOWS;C:\WINDOWS\System32\Wbem;C:\WINDOWS\System32\WindowsPowerShell\v1.0\;C:\Program Files\Java\jdk1.8.0_144\bin;C:\Program Files\MySQL\MySQL Utilities 1.6\;C:\Program Files\PuTTY\;C:\Program Files\Git\cmd;C:\Users\krant\Desktop\openssl-0.9.8s-x64_86-win64;E:\Software\apache-maven-3.5.0-bin\bin;C:\Program Files\Cloud Foundry;C:\Program Files\nodejs\;C:\Program Files\Amazon\AWSCLI\;E:\Software\FCIV;C:\Gradle\gradle-4.3\bin;C:\Program Files (x86)\sbt\bin;C:\Program Files (x86)\NVIDIA Corporation\PhysX\Common;C:\Users\krant\scoop\shims;C:\Users\krant\AppData\Local\Programs\Python\Python36-32\Scripts\;C:\Users\krant\AppData\Local\Programs\Python\Python36-32\;C:\Users\krant\AppData\Local\Microsoft\WindowsApps;C:\Users\krant\AppData\Local\GitHubDesktop\bin;C:\Users\krant\AppData\Roaming\npm;C:\Program Files (x86)\Nmap;E:\Software;;%USERPROFILE%\AppData\Local\Microsoft\WindowsApps, OS=Windows_NT, COMPUTERNAME=KKALLETLA-PC, SBT_HOME=C:\Program Files (x86)\sbt\, PROCESSOR_REVISION=3a09, CLASSPATH=E:\Material\JavaTrainning\spring-micro-service-mongoDB\\gradle\wrapper\gradle-wrapper.jar, CommonProgramW6432=C:\Program Files\Common Files, ComSpec=C:\WINDOWS\system32\cmd.exe, APP_BASE_NAME=gradlew, SystemRoot=C:\WINDOWS, TEMP=C:\Users\krant\AppData\Local\Temp, HOMEDRIVE=C:, USERPROFILE=C:\Users\krant, TMP=C:\Users\krant\AppData\Local\Temp, CommonProgramFiles(x86)=C:\Program Files (x86)\Common Files, NUMBER_OF_PROCESSORS=4}}]
11:45:25.378 [Test worker] DEBUG org.springframework.core.env.MutablePropertySources - Adding PropertySource 'inline' with highest search precedence
11:45:25.392 [Test worker] DEBUG org.springframework.test.context.support.TestPropertySourceUtils - Adding inlined properties to environment: {spring.jmx.enabled=false, org.springframework.boot.test.context.SpringBootTestContextBootstrapper=true, server.port=-1}
11:45:25.393 [Test worker] DEBUG org.springframework.core.env.StandardEnvironment - Adding PropertySource 'Inlined Test Properties' with highest search precedence

  .   ____          _            __ _ _
 /\\ / ___'_ __ _ _(_)_ __  __ _ \ \ \ \
( ( )\___ | '_ | '_| | '_ \/ _` | \ \ \ \
 \\/  ___)| |_)| | | | | || (_| |  ) ) ) )
  '  |____| .__|_| |_|_| |_\__, | / / / /
 =========|_|==============|___/=/_/_/_/
 :: Spring Boot ::        (v1.5.8.RELEASE)

2017-11-13 11:45:25.868  INFO 13336 --- [    Test worker] pringMicroServiceMongoDbApplicationTests : Starting SpringMicroServiceMongoDbApplicationTests on KKALLETLA-PC with PID 13336 (started by krant in E:\Material\JavaTrainning\spring-micro-service-mongoDB)
2017-11-13 11:45:25.871  INFO 13336 --- [    Test worker] pringMicroServiceMongoDbApplicationTests : No active profile set, falling back to default profiles: default
2017-11-13 11:45:25.956  INFO 13336 --- [    Test worker] o.s.w.c.s.GenericWebApplicationContext   : Refreshing org.springframework.web.context.support.GenericWebApplicationContext@341896f3: startup date [Mon Nov 13 11:45:25 CST 2017]; root of context hierarchy
2017-11-13 11:45:27.917  INFO 13336 --- [    Test worker] f.a.AutowiredAnnotationBeanPostProcessor : JSR-330 'javax.inject.Inject' annotation found and supported for autowiring
2017-11-13 11:45:29.319  INFO 13336 --- [    Test worker] org.mongodb.driver.cluster               : Cluster created with settings {hosts=[localhost:27017], mode=SINGLE, requiredClusterType=UNKNOWN, serverSelectionTimeout='30000 ms', maxWaitQueueSize=500}
2017-11-13 11:45:29.445  INFO 13336 --- [localhost:27017] org.mongodb.driver.connection            : Opened connection [connectionId{localValue:1, serverValue:30}] to localhost:27017
2017-11-13 11:45:29.450  INFO 13336 --- [localhost:27017] org.mongodb.driver.cluster               : Monitor thread successfully connected to server with description ServerDescription{address=localhost:27017, type=STANDALONE, state=CONNECTED, ok=true, version=ServerVersion{versionList=[3, 4, 10]}, minWireVersion=0, maxWireVersion=5, maxDocumentSize=16777216, roundTripTimeNanos=1088312}
2017-11-13 11:45:30.819  INFO 13336 --- [    Test worker] s.w.s.m.m.a.RequestMappingHandlerAdapter : Looking for @ControllerAdvice: org.springframework.web.context.support.GenericWebApplicationContext@341896f3: startup date [Mon Nov 13 11:45:25 CST 2017]; root of context hierarchy
2017-11-13 11:45:30.965  INFO 13336 --- [    Test worker] s.w.s.m.m.a.RequestMappingHandlerMapping : Mapped "{[/willthiswork/customer],methods=[GET]}" onto public java.util.List<com.kkalletla.springmicroservicemongoDB.entity.Customer> com.kkalletla.springmicroservicemongoDB.operations.Operations.getCustomers(java.lang.String,java.lang.String)
2017-11-13 11:45:30.972  INFO 13336 --- [    Test worker] s.w.s.m.m.a.RequestMappingHandlerMapping : Mapped "{[/error]}" onto public org.springframework.http.ResponseEntity<java.util.Map<java.lang.String, java.lang.Object>> org.springframework.boot.autoconfigure.web.BasicErrorController.error(javax.servlet.http.HttpServletRequest)
2017-11-13 11:45:30.973  INFO 13336 --- [    Test worker] s.w.s.m.m.a.RequestMappingHandlerMapping : Mapped "{[/error],produces=[text/html]}" onto public org.springframework.web.servlet.ModelAndView org.springframework.boot.autoconfigure.web.BasicErrorController.errorHtml(javax.servlet.http.HttpServletRequest,javax.servlet.http.HttpServletResponse)
2017-11-13 11:45:31.043  INFO 13336 --- [    Test worker] o.s.w.s.handler.SimpleUrlHandlerMapping  : Mapped URL path [/webjars/**] onto handler of type [class org.springframework.web.servlet.resource.ResourceHttpRequestHandler]
2017-11-13 11:45:31.043  INFO 13336 --- [    Test worker] o.s.w.s.handler.SimpleUrlHandlerMapping  : Mapped URL path [/**] onto handler of type [class org.springframework.web.servlet.resource.ResourceHttpRequestHandler]
2017-11-13 11:45:31.145  INFO 13336 --- [    Test worker] o.s.w.s.handler.SimpleUrlHandlerMapping  : Mapped URL path [/**/favicon.ico] onto handler of type [class org.springframework.web.servlet.resource.ResourceHttpRequestHandler]
2017-11-13 11:45:31.685  INFO 13336 --- [    Test worker] pringMicroServiceMongoDbApplicationTests : Started SpringMicroServiceMongoDbApplicationTests in 6.272 seconds (JVM running for 8.1)
]]></system-out>
  <system-err><![CDATA[]]></system-err>
</testsuite>
